# JRE version: Java(TM) SE Runtime Environment (8.0_161-b12) (build 1.8.0_161-b12)
# Java VM: Java HotSpot(TM) 64-Bit Server VM (25.161-b12 mixed mode windows-amd64 compressed oops)
Heap:
 PSYoungGen      total 44544K, used 30593K [0x00000000d5b80000, 0x00000000db480000, 0x0000000100000000)
  eden space 31232K, 61% used [0x00000000d5b80000,0x00000000d6e499a0,0x00000000d7a00000)
  from space 13312K, 85% used [0x00000000d7a00000,0x00000000d8516ca0,0x00000000d8700000)
  to   space 14336K, 13% used [0x00000000da680000,0x00000000da85bb28,0x00000000db480000)
 ParOldGen       total 87552K, used 15073K [0x0000000081200000, 0x0000000086780000, 0x00000000d5b80000)
  object space 87552K, 17% used [0x0000000081200000,0x00000000820b84d0,0x0000000086780000)
 Metaspace       used 20670K, capacity 21104K, committed 21248K, reserved 1069056K
  class space    used 2384K, capacity 2476K, committed 2560K, reserved 1048576K
GC Heap History (10 events):
Event: 11.103 GC heap before
{Heap before GC invocations=3 (full 0):
 PSYoungGen      total 38400K, used 38388K [0x00000000d5b80000, 0x00000000d8600000, 0x0000000100000000)
  eden space 33280K, 100% used [0x00000000d5b80000,0x00000000d7c00000,0x00000000d7c00000)
  from space 5120K, 99% used [0x00000000d8100000,0x00000000d85fd0c0,0x00000000d8600000)
  to   space 5120K, 0% used [0x00000000d7c00000,0x00000000d7c00000,0x00000000d8100000)
 ParOldGen       total 87552K, used 1933K [0x0000000081200000, 0x0000000086780000, 0x00000000d5b80000)
  object space 87552K, 2% used [0x0000000081200000,0x00000000813e3558,0x0000000086780000)
 Metaspace       used 13093K, capacity 13324K, committed 13440K, reserved 1060864K
  class space    used 1598K, capacity 1649K, committed 1664K, reserved 1048576K
Event: 11.130 GC heap after
Heap after GC invocations=3 (full 0):
 PSYoungGen      total 38400K, used 5120K [0x00000000d5b80000, 0x00000000d8600000, 0x0000000100000000)
  eden space 33280K, 0% used [0x00000000d5b80000,0x00000000d5b80000,0x00000000d7c00000)
  from space 5120K, 100% used [0x00000000d7c00000,0x00000000d8100000,0x00000000d8100000)
  to   space 5120K, 0% used [0x00000000d8100000,0x00000000d8100000,0x00000000d8600000)
 ParOldGen       total 87552K, used 3096K [0x0000000081200000, 0x0000000086780000, 0x00000000d5b80000)
  object space 87552K, 3% used [0x0000000081200000,0x0000000081506248,0x0000000086780000)
 Metaspace       used 13093K, capacity 13324K, committed 13440K, reserved 1060864K
  class space    used 1598K, capacity 1649K, committed 1664K, reserved 1048576K
}
Event: 11.856 GC heap before
{Heap before GC invocations=4 (full 0):
 PSYoungGen      total 38400K, used 38400K [0x00000000d5b80000, 0x00000000d8600000, 0x0000000100000000)
  eden space 33280K, 100% used [0x00000000d5b80000,0x00000000d7c00000,0x00000000d7c00000)
  from space 5120K, 100% used [0x00000000d7c00000,0x00000000d8100000,0x00000000d8100000)
  to   space 5120K, 0% used [0x00000000d8100000,0x00000000d8100000,0x00000000d8600000)
 ParOldGen       total 87552K, used 3096K [0x0000000081200000, 0x0000000086780000, 0x00000000d5b80000)
  object space 87552K, 3% used [0x0000000081200000,0x0000000081506248,0x0000000086780000)
 Metaspace       used 13606K, capacity 13958K, committed 14080K, reserved 1060864K
  class space    used 1631K, capacity 1691K, committed 1792K, reserved 1048576K
Event: 11.868 GC heap after
Heap after GC invocations=4 (full 0):
 PSYoungGen      total 38400K, used 5088K [0x00000000d5b80000, 0x00000000d8600000, 0x0000000100000000)
  eden space 33280K, 0% used [0x00000000d5b80000,0x00000000d5b80000,0x00000000d7c00000)
  from space 5120K, 99% used [0x00000000d8100000,0x00000000d85f8020,0x00000000d8600000)
  to   space 5120K, 0% used [0x00000000d7c00000,0x00000000d7c00000,0x00000000d8100000)
 ParOldGen       total 87552K, used 4929K [0x0000000081200000, 0x0000000086780000, 0x00000000d5b80000)
  object space 87552K, 5% used [0x0000000081200000,0x00000000816d0600,0x0000000086780000)
 Metaspace       used 13606K, capacity 13958K, committed 14080K, reserved 1060864K
  class space    used 1631K, capacity 1691K, committed 1792K, reserved 1048576K
}
Event: 14.697 GC heap before
{Heap before GC invocations=5 (full 0):
 PSYoungGen      total 38400K, used 38368K [0x00000000d5b80000, 0x00000000d8600000, 0x0000000100000000)
  eden space 33280K, 100% used [0x00000000d5b80000,0x00000000d7c00000,0x00000000d7c00000)
  from space 5120K, 99% used [0x00000000d8100000,0x00000000d85f8020,0x00000000d8600000)
  to   space 5120K, 0% used [0x00000000d7c00000,0x00000000d7c00000,0x00000000d8100000)
 ParOldGen       total 87552K, used 4929K [0x0000000081200000, 0x0000000086780000, 0x00000000d5b80000)
  object space 87552K, 5% used [0x0000000081200000,0x00000000816d0600,0x0000000086780000)
 Metaspace       used 18171K, capacity 18538K, committed 18688K, reserved 1064960K
  class space    used 2200K, capacity 2283K, committed 2304K, reserved 1048576K
Event: 14.724 GC heap after
Heap after GC invocations=5 (full 0):
 PSYoungGen      total 37888K, used 5088K [0x00000000d5b80000, 0x00000000d9280000, 0x0000000100000000)
  eden space 32768K, 0% used [0x00000000d5b80000,0x00000000d5b80000,0x00000000d7b80000)
  from space 5120K, 99% used [0x00000000d7c00000,0x00000000d80f8020,0x00000000d8100000)
  to   space 11776K, 0% used [0x00000000d8700000,0x00000000d8700000,0x00000000d9280000)
 ParOldGen       total 87552K, used 11923K [0x0000000081200000, 0x0000000086780000, 0x00000000d5b80000)
  object space 87552K, 13% used [0x0000000081200000,0x0000000081da4c40,0x0000000086780000)
 Metaspace       used 18171K, capacity 18538K, committed 18688K, reserved 1064960K
  class space    used 2200K, capacity 2283K, committed 2304K, reserved 1048576K
}
Event: 15.334 GC heap before
{Heap before GC invocations=6 (full 0):
 PSYoungGen      total 37888K, used 37856K [0x00000000d5b80000, 0x00000000d9280000, 0x0000000100000000)
  eden space 32768K, 100% used [0x00000000d5b80000,0x00000000d7b80000,0x00000000d7b80000)
  from space 5120K, 99% used [0x00000000d7c00000,0x00000000d80f8020,0x00000000d8100000)
  to   space 11776K, 0% used [0x00000000d8700000,0x00000000d8700000,0x00000000d9280000)
 ParOldGen       total 87552K, used 11923K [0x0000000081200000, 0x0000000086780000, 0x00000000d5b80000)
  object space 87552K, 13% used [0x0000000081200000,0x0000000081da4c40,0x0000000086780000)
 Metaspace       used 18546K, capacity 18858K, committed 18944K, reserved 1067008K
  class space    used 2216K, capacity 2283K, committed 2304K, reserved 1048576K
Event: 15.355 GC heap after
Heap after GC invocations=6 (full 0):
 PSYoungGen      total 43008K, used 11527K [0x00000000d5b80000, 0x00000000db580000, 0x0000000100000000)
  eden space 31232K, 0% used [0x00000000d5b80000,0x00000000d5b80000,0x00000000d7a00000)
  from space 11776K, 97% used [0x00000000d8700000,0x00000000d9241c98,0x00000000d9280000)
  to   space 13312K, 0% used [0x00000000d7a00000,0x00000000d7a00000,0x00000000d8700000)
 ParOldGen       total 87552K, used 11931K [0x0000000081200000, 0x0000000086780000, 0x00000000d5b80000)
  object space 87552K, 13% used [0x0000000081200000,0x0000000081da6c40,0x0000000086780000)
 Metaspace       used 18546K, capacity 18858K, committed 18944K, reserved 1067008K
  class space    used 2216K, capacity 2283K, committed 2304K, reserved 1048576K
}
Event: 16.306 GC heap before
{Heap before GC invocations=7 (full 0):
 PSYoungGen      total 43008K, used 42759K [0x00000000d5b80000, 0x00000000db580000, 0x0000000100000000)
  eden space 31232K, 100% used [0x00000000d5b80000,0x00000000d7a00000,0x00000000d7a00000)
  from space 11776K, 97% used [0x00000000d8700000,0x00000000d9241c98,0x00000000d9280000)
  to   space 13312K, 0% used [0x00000000d7a00000,0x00000000d7a00000,0x00000000d8700000)
 ParOldGen       total 87552K, used 11931K [0x0000000081200000, 0x0000000086780000, 0x00000000d5b80000)
  object space 87552K, 13% used [0x0000000081200000,0x0000000081da6c40,0x0000000086780000)
 Metaspace       used 20147K, capacity 20522K, committed 20736K, reserved 1067008K
  class space    used 2365K, capacity 2475K, committed 2560K, reserved 1048576K
Event: 16.327 GC heap after
Heap after GC invocations=7 (full 0):
 PSYoungGen      total 44544K, used 11355K [0x00000000d5b80000, 0x00000000db480000, 0x0000000100000000)
  eden space 31232K, 0% used [0x00000000d5b80000,0x00000000d5b80000,0x00000000d7a00000)
  from space 13312K, 85% used [0x00000000d7a00000,0x00000000d8516ca0,0x00000000d8700000)
  to   space 14336K, 0% used [0x00000000da680000,0x00000000da680000,0x00000000db480000)
 ParOldGen       total 87552K, used 14265K [0x0000000081200000, 0x0000000086780000, 0x00000000d5b80000)
  object space 87552K, 16% used [0x0000000081200000,0x0000000081fee4d0,0x0000000086780000)
 Metaspace       used 20147K, capacity 20522K, committed 20736K, reserved 1067008K
  class space    used 2365K, capacity 2475K, committed 2560K, reserved 1048576K
}

